{"name": "Проверка калькулятора с задержкой 45 секунд", "status": "failed", "statusDetails": {"message": "AssertionError: assert '7+8' == '15'\n  \n  \u001b[0m\u001b[91m- 15\u001b[39;49;00m\u001b[90m\u001b[39;49;00m\n  \u001b[92m+ 7+8\u001b[39;49;00m\u001b[90m\u001b[39;49;00m", "trace": "@allure.feature(\"Калькулятор с задержкой\")\n    @allure.severity(allure.severity_level.CRITICAL)\n    @allure.title(\"Проверка калькулятора с задержкой 45 секунд\")\n    @allure.description(\"Тест проверяет вычисление 7+8 с задержкой 45 секунд\")\n    def test_slow_calculator():\n        driver = webdriver.Chrome()\n    \n        try:\n            with allure.step(\"Создание страницы калькулятора\"):\n                calculator = CalculatorPage(driver)\n    \n            with allure.step(\"Открытие страницы калькулятора\"):\n                calculator.open(\"https://bonigarcia.dev/selenium-webdriver-java/slow-calculator.html\")\n    \n            with allure.step(\"Установка задержки 45 секунд\"):\n                calculator.set_delay(45)\n    \n            with allure.step(\"Ввод выражения 7 + 8\"):\n                calculator.click_button(\"7\")\n                calculator.click_button(\"+\")\n                calculator.click_button(\"8\")\n                calculator.click_button(\"=\")\n    \n            with allure.step(\"Ожидание и проверка результата\"):\n                start_time = time.time()\n                result = calculator.get_result()\n                end_time = time.time()\n    \n                execution_time = end_time - start_time\n    \n                with allure.step(f\"Проверить результат {result} и время выполнения {execution_time:.2f}сек\"):\n>                   assert result == \"15\"\nE                   AssertionError: assert '7+8' == '15'\nE                     \nE                     \u001b[0m\u001b[91m- 15\u001b[39;49;00m\u001b[90m\u001b[39;49;00m\nE                     \u001b[92m+ 7+8\u001b[39;49;00m\u001b[90m\u001b[39;49;00m\n\ntests\\test_calculator.py:43: AssertionError"}, "description": "Тест проверяет вычисление 7+8 с задержкой 45 секунд", "steps": [{"name": "Создание страницы калькулятора", "status": "passed", "start": 1763312667381, "stop": 1763312667381}, {"name": "Открытие страницы калькулятора", "status": "passed", "start": 1763312667381, "stop": 1763312669570}, {"name": "Установка задержки 45 секунд", "status": "passed", "start": 1763312669570, "stop": 1763312669675}, {"name": "Ввод выражения 7 + 8", "status": "passed", "start": 1763312669675, "stop": 1763312669989}, {"name": "Ожидание и проверка результата", "status": "failed", "statusDetails": {"message": "AssertionError: assert '7+8' == '15'\n  \n  \u001b[0m\u001b[91m- 15\u001b[39;49;00m\u001b[90m\u001b[39;49;00m\n  \u001b[92m+ 7+8\u001b[39;49;00m\u001b[90m\u001b[39;49;00m\n", "trace": "  File \"C:\\Users\\User\\Desktop\\python\\python\\lesson10\\tests\\test_calculator.py\", line 43, in test_slow_calculator\n    assert result == \"15\"\n"}, "steps": [{"name": "Проверить результат 7+8 и время выполнения 0.04сек", "status": "failed", "statusDetails": {"message": "AssertionError: assert '7+8' == '15'\n  \n  \u001b[0m\u001b[91m- 15\u001b[39;49;00m\u001b[90m\u001b[39;49;00m\n  \u001b[92m+ 7+8\u001b[39;49;00m\u001b[90m\u001b[39;49;00m\n", "trace": "  File \"C:\\Users\\User\\Desktop\\python\\python\\lesson10\\tests\\test_calculator.py\", line 43, in test_slow_calculator\n    assert result == \"15\"\n"}, "start": 1763312670029, "stop": 1763312670030}], "start": 1763312669989, "stop": 1763312670030}], "start": 1763312665493, "stop": 1763312672196, "uuid": "9636feba-2581-4503-9c40-f05b40d168de", "historyId": "82866d931849b2bc42b28ce195656fcc", "testCaseId": "82866d931849b2bc42b28ce195656fcc", "fullName": "tests.test_calculator#test_slow_calculator", "labels": [{"name": "severity", "value": "critical"}, {"name": "feature", "value": "Калькулятор с задержкой"}, {"name": "parentSuite", "value": "tests"}, {"name": "suite", "value": "test_calculator"}, {"name": "host", "value": "DESKTOP-S81RJHL"}, {"name": "thread", "value": "10056-MainThread"}, {"name": "framework", "value": "pytest"}, {"name": "language", "value": "cpython3"}, {"name": "package", "value": "tests.test_calculator"}], "titlePath": ["tests", "test_calculator.py"]}